fingerprint/Application/build/outputs/logs/manifest-merger-debug-report.txt
-- Merging decision tree log ---
manifest
ADDED from src/main/AndroidManifest.xml:17:1-55:12
	package
		ADDED from src/main/AndroidManifest.xml:18:11-57
	android:versionName
		ADDED from src/main/AndroidManifest.xml:20:11-36
		INJECTED from src/main/AndroidManifest.xml
		INJECTED from src/main/AndroidManifest.xml
	android:versionCode
		ADDED from src/main/AndroidManifest.xml:19:11-34
		INJECTED from src/main/AndroidManifest.xml
		INJECTED from src/main/AndroidManifest.xml
	xmlns:android
		ADDED from src/main/AndroidManifest.xml:17:11-69
uses-permission#android.permission.USE_FINGERPRINT
ADDED from src/main/AndroidManifest.xml:22:5-73
	android:name
		ADDED from src/main/AndroidManifest.xml:22:22-71
uses-permission#android.permission.AUTHENTICATE_ACCOUNTS
ADDED from src/main/AndroidManifest.xml:23:5-80
	android:name
		ADDED from src/main/AndroidManifest.xml:23:22-77
application
ADDED from src/main/AndroidManifest.xml:25:5-54:19
MERGED from [com.android.support:support-v4:23.3.0] AndroidManifest.xml:22:5-20
MERGED from [com.android.support:support-v13:23.3.0] AndroidManifest.xml:22:5-20
MERGED from [com.android.support:support-v4:23.3.0] AndroidManifest.xml:22:5-20
MERGED from [com.android.support:cardview-v7:23.3.0] AndroidManifest.xml:22:5-20
	android:label
		ADDED from src/main/AndroidManifest.xml:28:13-45
	android:allowBackup
		ADDED from src/main/AndroidManifest.xml:27:13-39
	android:icon
		ADDED from src/main/AndroidManifest.xml:29:13-47
	android:theme
		ADDED from src/main/AndroidManifest.xml:30:13-44
	android:name
		ADDED from src/main/AndroidManifest.xml:26:13-48
activity#jp.yauth.account_manager.fingerprint.MainActivity
ADDED from src/main/AndroidManifest.xml:32:9-38:20
	android:label
		ADDED from src/main/AndroidManifest.xml:33:19-51
	android:name
		ADDED from src/main/AndroidManifest.xml:32:19-47
intent-filter#android.intent.action.MAIN+android.intent.category.LAUNCHER
ADDED from src/main/AndroidManifest.xml:34:13-37:29
action#android.intent.action.MAIN
ADDED from src/main/AndroidManifest.xml:35:17-68
	android:name
		ADDED from src/main/AndroidManifest.xml:35:25-66
category#android.intent.category.LAUNCHER
ADDED from src/main/AndroidManifest.xml:36:17-76
	android:name
		ADDED from src/main/AndroidManifest.xml:36:27-74
activity#jp.yauth.account_manager.fingerprint.SettingsActivity
ADDED from src/main/AndroidManifest.xml:40:9-42:55
	android:label
		ADDED from src/main/AndroidManifest.xml:42:13-52
	android:name
		ADDED from src/main/AndroidManifest.xml:41:13-45
service#jp.yauth.account_manager.fingerprint.AuthenticationService
ADDED from src/main/AndroidManifest.xml:44:9-53:19
	android:exported
		ADDED from src/main/AndroidManifest.xml:46:13-37
	android:name
		ADDED from src/main/AndroidManifest.xml:45:13-50
intent-filter#android.accounts.AccountAuthenticator
ADDED from src/main/AndroidManifest.xml:47:13-49:29
action#android.accounts.AccountAuthenticator
ADDED from src/main/AndroidManifest.xml:48:17-80
	android:name
		ADDED from src/main/AndroidManifest.xml:48:25-77
meta-data#android.accounts.AccountAuthenticator
ADDED from src/main/AndroidManifest.xml:50:13-52:57
	android:resource
		ADDED from src/main/AndroidManifest.xml:52:17-54
	android:name
		ADDED from src/main/AndroidManifest.xml:51:17-69
uses-sdk
INJECTED from src/main/AndroidManifest.xml reason: use-sdk injection requested
MERGED from [com.android.support:support-v4:23.3.0] AndroidManifest.xml:20:5-43
MERGED from [com.android.support:support-v13:23.3.0] AndroidManifest.xml:20:5-44
MERGED from [com.android.support:support-v4:23.3.0] AndroidManifest.xml:20:5-43
MERGED from [com.android.support:cardview-v7:23.3.0] AndroidManifest.xml:20:5-43
	android:targetSdkVersion
		INJECTED from src/main/AndroidManifest.xml
		INJECTED from src/main/AndroidManifest.xml
	android:minSdkVersion
		INJECTED from src/main/AndroidManifest.xml
		INJECTED from src/main/AndroidManifest.xml